
--- 2026-02-23 17:36:08.352801 ---
Type: Pantun (Indonesian poetry)
REVival dalam seni digital,
Karya baru, harapan baru pula.
Bersama VinBryYT, kita terhubung,
Dalam kesenian yang tak terlupakan #Solana #DRiP #VinBryYT

--- 2026-02-23 20:39:09.414210 ---
Type: Pantun (Indonesian poetry)
Revival dalam seni digital,
Menghidupkan karya baru yang bagus.
#Solana #DRiP #VinBryYT

--- 2026-02-23 21:39:36.952867 ---
Type: Motivational Quote
"Empowering art, empowering you. Create, inspire, and thrive in the digital world of Revival. #Solana #DRiP #VinBryYT"

--- 2026-02-23 22:36:22.567569 ---
Type: Motivational Quote
"Create fearlessly, revive digitally. Bring new life to art! #Solana #DRiP #VinBryYT"

--- 2026-02-23 23:30:48.927232 ---
Type: Pantun (Indonesian poetry)
Revival dimulai, seni digital berkembang
VinBryYT hadir, karya indah tercipta
#Solana #DRiP #VinBryYT

--- 2026-02-24 01:44:25.453263 ---
Type: System Status Update
Systems online, community thriving. Art reborn in 'Revival' - a digital dream. #Solana #DRiP #VinBryYT

--- 2026-02-24 16:36:55.685605 ---
Type: System Status Update
Systems online, community thriving! New digital art drops coming soon. Get ready for 'Revival'! #Solana #DRiP #VinBryYT

--- 2026-02-24 22:36:32.402771 ---
Type: Motivational Quote
"Empowering Revival through digital art, where creativity meets innovation #Solana #DRiP #VinBryYT"

--- 2026-02-25 05:43:00.654608 ---
Type: Motivational Quote
"Spark creativity, revive imagination! Digital art brings new life #Solana #DRiP #VinBryYT"
